<?xml version="1.0" encoding="UTF-8"?>
<testng-results skipped="0" failed="0" ignored="0" total="1" passed="1">
  <reporter-output>
  </reporter-output>
  <suite name="Suite1" duration-ms="755" started-at="2019-03-01T23:21:21Z" finished-at="2019-03-01T23:21:22Z">
    <groups>
      <group name="cucumber">
        <method signature="AbstractTestNGCucumberTests.feature(cucumber.api.testng.CucumberFeatureWrapper)[pri:0, instance:com.testngrunner.TestNGRunner@3c0ecd4b]" name="feature" class="cucumber.api.testng.AbstractTestNGCucumberTests"/>
      </group> <!-- cucumber -->
    </groups>
    <test name="Nopackage" duration-ms="755" started-at="2019-03-01T23:21:21Z" finished-at="2019-03-01T23:21:22Z">
      <class name="com.testngrunner.TestNGRunner">
        <test-method status="PASS" signature="setUpClass()[pri:0, instance:com.testngrunner.TestNGRunner@3c0ecd4b]" name="setUpClass" is-config="true" duration-ms="402" started-at="2019-03-01T23:21:21Z" finished-at="2019-03-01T23:21:21Z">
          <reporter-output>
          </reporter-output>
        </test-method> <!-- setUpClass -->
        <test-method status="PASS" signature="feature(cucumber.api.testng.CucumberFeatureWrapper)[pri:0, instance:com.testngrunner.TestNGRunner@3c0ecd4b]" name="feature" duration-ms="27" started-at="2019-03-01T23:21:22Z" description="Runs Cucumber Feature" data-provider="features" finished-at="2019-03-01T23:21:22Z">
          <params>
            <param index="0">
              <value>
                <![CDATA[Title of your feature]]>
              </value>
            </param>
          </params>
          <reporter-output>
          </reporter-output>
        </test-method> <!-- feature -->
        <test-method status="PASS" signature="tearDownClass()[pri:0, instance:com.testngrunner.TestNGRunner@3c0ecd4b]" name="tearDownClass" is-config="true" duration-ms="51" started-at="2019-03-01T23:21:22Z" finished-at="2019-03-01T23:21:22Z">
          <reporter-output>
          </reporter-output>
        </test-method> <!-- tearDownClass -->
      </class> <!-- com.testngrunner.TestNGRunner -->
    </test> <!-- Nopackage -->
  </suite> <!-- Suite1 -->
</testng-results>
